2023-11-16 22:46:35,810 [Worker-3: Loading available Gradle versions] INFO  o.e.b.c.i.u.g.PublishedGradleVersions - Gradle version information cache is not available. Remote download required.
2023-11-16 23:51:11,580 [ModalContext] INFO  o.e.m.c.i.e.AbstractTransferListenerAdapter - Downloading https://repo.maven.apache.org/maven2/org/apache/maven/archetypes/maven-archetype-quickstart/1.1/maven-archetype-quickstart-1.1.pom
2023-11-16 23:51:11,657 [ModalContext] INFO  o.e.m.c.i.e.AbstractTransferListenerAdapter - Downloaded https://repo.maven.apache.org/maven2/org/apache/maven/archetypes/maven-archetype-quickstart/1.1/maven-archetype-quickstart-1.1.pom
2023-11-16 23:51:11,809 [ModalContext] INFO  o.e.m.c.i.e.AbstractTransferListenerAdapter - Downloading https://repo.maven.apache.org/maven2/org/apache/maven/archetypes/maven-archetype-bundles/4/maven-archetype-bundles-4.pom
2023-11-16 23:51:12,010 [ModalContext] INFO  o.e.m.c.i.e.AbstractTransferListenerAdapter - Downloaded https://repo.maven.apache.org/maven2/org/apache/maven/archetypes/maven-archetype-bundles/4/maven-archetype-bundles-4.pom
2023-11-16 23:51:12,083 [ModalContext] INFO  o.e.m.c.i.e.AbstractTransferListenerAdapter - Downloading https://repo.maven.apache.org/maven2/org/apache/maven/archetype/maven-archetype/2.0-alpha-5/maven-archetype-2.0-alpha-5.pom
2023-11-16 23:51:12,158 [ModalContext] INFO  o.e.m.c.i.e.AbstractTransferListenerAdapter - Downloaded https://repo.maven.apache.org/maven2/org/apache/maven/archetype/maven-archetype/2.0-alpha-5/maven-archetype-2.0-alpha-5.pom
2023-11-16 23:51:12,264 [ModalContext] INFO  o.e.m.c.i.e.AbstractTransferListenerAdapter - Downloading https://repo.maven.apache.org/maven2/org/apache/maven/archetypes/maven-archetype-quickstart/1.1/maven-archetype-quickstart-1.1.jar
2023-11-16 23:51:12,377 [ModalContext] INFO  o.e.m.c.i.e.AbstractTransferListenerAdapter - Downloaded https://repo.maven.apache.org/maven2/org/apache/maven/archetypes/maven-archetype-quickstart/1.1/maven-archetype-quickstart-1.1.jar
2023-11-16 23:52:23,878 [Worker-30: Launching mavenrun-0bad8c1b-fe36-4eed-a9e8-491b96c8a184] INFO  o.eclipse.m2e.core.internal.Bundles - getClasspathEntries(Bundle=org.eclipse.m2e.maven.runtime_3.9.400.20230826-0755 [292])
2023-11-16 23:52:23,879 [Worker-30: Launching mavenrun-0bad8c1b-fe36-4eed-a9e8-491b96c8a184] INFO  o.eclipse.m2e.core.internal.Bundles - 	Entry: /snap/eclipse/73/plugins/org.eclipse.m2e.maven.runtime_3.9.400.20230826-0755
2023-11-16 23:52:23,879 [Worker-30: Launching mavenrun-0bad8c1b-fe36-4eed-a9e8-491b96c8a184] INFO  o.eclipse.m2e.core.internal.Bundles - 	Entry: /snap/eclipse/73/plugins/org.eclipse.m2e.maven.runtime_3.9.400.20230826-0755/jars/aether-connector-okhttp-0.17.8.jar
2023-11-16 23:52:23,879 [Worker-30: Launching mavenrun-0bad8c1b-fe36-4eed-a9e8-491b96c8a184] INFO  o.eclipse.m2e.core.internal.Bundles - 	Entry: /snap/eclipse/73/plugins/org.eclipse.m2e.maven.runtime_3.9.400.20230826-0755/jars/aopalliance-1.0.jar
2023-11-16 23:52:23,879 [Worker-30: Launching mavenrun-0bad8c1b-fe36-4eed-a9e8-491b96c8a184] INFO  o.eclipse.m2e.core.internal.Bundles - 	Entry: /snap/eclipse/73/plugins/org.eclipse.m2e.maven.runtime_3.9.400.20230826-0755/jars/commons-lang3-3.12.0.jar
2023-11-16 23:52:23,879 [Worker-30: Launching mavenrun-0bad8c1b-fe36-4eed-a9e8-491b96c8a184] INFO  o.eclipse.m2e.core.internal.Bundles - 	Entry: /snap/eclipse/73/plugins/org.eclipse.m2e.maven.runtime_3.9.400.20230826-0755/jars/guice-5.1.0.jar
2023-11-16 23:52:23,879 [Worker-30: Launching mavenrun-0bad8c1b-fe36-4eed-a9e8-491b96c8a184] INFO  o.eclipse.m2e.core.internal.Bundles - 	Entry: /snap/eclipse/73/plugins/org.eclipse.m2e.maven.runtime_3.9.400.20230826-0755/jars/jansi-2.4.0.jar
2023-11-16 23:52:23,879 [Worker-30: Launching mavenrun-0bad8c1b-fe36-4eed-a9e8-491b96c8a184] INFO  o.eclipse.m2e.core.internal.Bundles - 	Entry: /snap/eclipse/73/plugins/org.eclipse.m2e.maven.runtime_3.9.400.20230826-0755/jars/maven-artifact-3.9.4.jar
2023-11-16 23:52:23,879 [Worker-30: Launching mavenrun-0bad8c1b-fe36-4eed-a9e8-491b96c8a184] INFO  o.eclipse.m2e.core.internal.Bundles - 	Entry: /snap/eclipse/73/plugins/org.eclipse.m2e.maven.runtime_3.9.400.20230826-0755/jars/maven-builder-support-3.9.4.jar
2023-11-16 23:52:23,879 [Worker-30: Launching mavenrun-0bad8c1b-fe36-4eed-a9e8-491b96c8a184] INFO  o.eclipse.m2e.core.internal.Bundles - 	Entry: /snap/eclipse/73/plugins/org.eclipse.m2e.maven.runtime_3.9.400.20230826-0755/jars/maven-compat-3.9.4.jar
2023-11-16 23:52:23,879 [Worker-30: Launching mavenrun-0bad8c1b-fe36-4eed-a9e8-491b96c8a184] INFO  o.eclipse.m2e.core.internal.Bundles - 	Entry: /snap/eclipse/73/plugins/org.eclipse.m2e.maven.runtime_3.9.400.20230826-0755/jars/maven-core-3.9.4.jar
2023-11-16 23:52:23,879 [Worker-30: Launching mavenrun-0bad8c1b-fe36-4eed-a9e8-491b96c8a184] INFO  o.eclipse.m2e.core.internal.Bundles - 	Entry: /snap/eclipse/73/plugins/org.eclipse.m2e.maven.runtime_3.9.400.20230826-0755/jars/maven-embedder-3.9.4.jar
2023-11-16 23:52:23,879 [Worker-30: Launching mavenrun-0bad8c1b-fe36-4eed-a9e8-491b96c8a184] INFO  o.eclipse.m2e.core.internal.Bundles - 	Entry: /snap/eclipse/73/plugins/org.eclipse.m2e.maven.runtime_3.9.400.20230826-0755/jars/maven-model-3.9.4.jar
2023-11-16 23:52:23,879 [Worker-30: Launching mavenrun-0bad8c1b-fe36-4eed-a9e8-491b96c8a184] INFO  o.eclipse.m2e.core.internal.Bundles - 	Entry: /snap/eclipse/73/plugins/org.eclipse.m2e.maven.runtime_3.9.400.20230826-0755/jars/maven-model-builder-3.9.4.jar
2023-11-16 23:52:23,880 [Worker-30: Launching mavenrun-0bad8c1b-fe36-4eed-a9e8-491b96c8a184] INFO  o.eclipse.m2e.core.internal.Bundles - 	Entry: /snap/eclipse/73/plugins/org.eclipse.m2e.maven.runtime_3.9.400.20230826-0755/jars/maven-plugin-api-3.9.4.jar
2023-11-16 23:52:23,880 [Worker-30: Launching mavenrun-0bad8c1b-fe36-4eed-a9e8-491b96c8a184] INFO  o.eclipse.m2e.core.internal.Bundles - 	Entry: /snap/eclipse/73/plugins/org.eclipse.m2e.maven.runtime_3.9.400.20230826-0755/jars/maven-repository-metadata-3.9.4.jar
2023-11-16 23:52:23,880 [Worker-30: Launching mavenrun-0bad8c1b-fe36-4eed-a9e8-491b96c8a184] INFO  o.eclipse.m2e.core.internal.Bundles - 	Entry: /snap/eclipse/73/plugins/org.eclipse.m2e.maven.runtime_3.9.400.20230826-0755/jars/maven-resolver-api-1.9.14.jar
2023-11-16 23:52:23,880 [Worker-30: Launching mavenrun-0bad8c1b-fe36-4eed-a9e8-491b96c8a184] INFO  o.eclipse.m2e.core.internal.Bundles - 	Entry: /snap/eclipse/73/plugins/org.eclipse.m2e.maven.runtime_3.9.400.20230826-0755/jars/maven-resolver-connector-basic-1.9.14.jar
2023-11-16 23:52:23,880 [Worker-30: Launching mavenrun-0bad8c1b-fe36-4eed-a9e8-491b96c8a184] INFO  o.eclipse.m2e.core.internal.Bundles - 	Entry: /snap/eclipse/73/plugins/org.eclipse.m2e.maven.runtime_3.9.400.20230826-0755/jars/maven-resolver-impl-1.9.14.jar
2023-11-16 23:52:23,880 [Worker-30: Launching mavenrun-0bad8c1b-fe36-4eed-a9e8-491b96c8a184] INFO  o.eclipse.m2e.core.internal.Bundles - 	Entry: /snap/eclipse/73/plugins/org.eclipse.m2e.maven.runtime_3.9.400.20230826-0755/jars/maven-resolver-named-locks-1.9.14.jar
2023-11-16 23:52:23,880 [Worker-30: Launching mavenrun-0bad8c1b-fe36-4eed-a9e8-491b96c8a184] INFO  o.eclipse.m2e.core.internal.Bundles - 	Entry: /snap/eclipse/73/plugins/org.eclipse.m2e.maven.runtime_3.9.400.20230826-0755/jars/maven-resolver-provider-3.9.4.jar
2023-11-16 23:52:23,880 [Worker-30: Launching mavenrun-0bad8c1b-fe36-4eed-a9e8-491b96c8a184] INFO  o.eclipse.m2e.core.internal.Bundles - 	Entry: /snap/eclipse/73/plugins/org.eclipse.m2e.maven.runtime_3.9.400.20230826-0755/jars/maven-resolver-spi-1.9.14.jar
2023-11-16 23:52:23,880 [Worker-30: Launching mavenrun-0bad8c1b-fe36-4eed-a9e8-491b96c8a184] INFO  o.eclipse.m2e.core.internal.Bundles - 	Entry: /snap/eclipse/73/plugins/org.eclipse.m2e.maven.runtime_3.9.400.20230826-0755/jars/maven-resolver-transport-wagon-1.9.14.jar
2023-11-16 23:52:23,880 [Worker-30: Launching mavenrun-0bad8c1b-fe36-4eed-a9e8-491b96c8a184] INFO  o.eclipse.m2e.core.internal.Bundles - 	Entry: /snap/eclipse/73/plugins/org.eclipse.m2e.maven.runtime_3.9.400.20230826-0755/jars/maven-resolver-util-1.9.14.jar
2023-11-16 23:52:23,880 [Worker-30: Launching mavenrun-0bad8c1b-fe36-4eed-a9e8-491b96c8a184] INFO  o.eclipse.m2e.core.internal.Bundles - 	Entry: /snap/eclipse/73/plugins/org.eclipse.m2e.maven.runtime_3.9.400.20230826-0755/jars/maven-settings-3.9.4.jar
2023-11-16 23:52:23,880 [Worker-30: Launching mavenrun-0bad8c1b-fe36-4eed-a9e8-491b96c8a184] INFO  o.eclipse.m2e.core.internal.Bundles - 	Entry: /snap/eclipse/73/plugins/org.eclipse.m2e.maven.runtime_3.9.400.20230826-0755/jars/maven-settings-builder-3.9.4.jar
2023-11-16 23:52:23,880 [Worker-30: Launching mavenrun-0bad8c1b-fe36-4eed-a9e8-491b96c8a184] INFO  o.eclipse.m2e.core.internal.Bundles - 	Entry: /snap/eclipse/73/plugins/org.eclipse.m2e.maven.runtime_3.9.400.20230826-0755/jars/maven-shared-utils-3.3.4.jar
2023-11-16 23:52:23,880 [Worker-30: Launching mavenrun-0bad8c1b-fe36-4eed-a9e8-491b96c8a184] INFO  o.eclipse.m2e.core.internal.Bundles - 	Entry: /snap/eclipse/73/plugins/org.eclipse.m2e.maven.runtime_3.9.400.20230826-0755/jars/okhttp-3.14.1.jar
2023-11-16 23:52:23,880 [Worker-30: Launching mavenrun-0bad8c1b-fe36-4eed-a9e8-491b96c8a184] INFO  o.eclipse.m2e.core.internal.Bundles - 	Entry: /snap/eclipse/73/plugins/org.eclipse.m2e.maven.runtime_3.9.400.20230826-0755/jars/okio-1.17.3.jar
2023-11-16 23:52:23,880 [Worker-30: Launching mavenrun-0bad8c1b-fe36-4eed-a9e8-491b96c8a184] INFO  o.eclipse.m2e.core.internal.Bundles - 	Entry: /snap/eclipse/73/plugins/org.eclipse.m2e.maven.runtime_3.9.400.20230826-0755/jars/org.eclipse.sisu.inject-0.3.5.jar
2023-11-16 23:52:23,880 [Worker-30: Launching mavenrun-0bad8c1b-fe36-4eed-a9e8-491b96c8a184] INFO  o.eclipse.m2e.core.internal.Bundles - 	Entry: /snap/eclipse/73/plugins/org.eclipse.m2e.maven.runtime_3.9.400.20230826-0755/jars/org.eclipse.sisu.plexus-0.3.5.jar
2023-11-16 23:52:23,880 [Worker-30: Launching mavenrun-0bad8c1b-fe36-4eed-a9e8-491b96c8a184] INFO  o.eclipse.m2e.core.internal.Bundles - 	Entry: /snap/eclipse/73/plugins/org.eclipse.m2e.maven.runtime_3.9.400.20230826-0755/jars/plexus-build-api-0.0.7.jar
2023-11-16 23:52:23,880 [Worker-30: Launching mavenrun-0bad8c1b-fe36-4eed-a9e8-491b96c8a184] INFO  o.eclipse.m2e.core.internal.Bundles - 	Entry: /snap/eclipse/73/plugins/org.eclipse.m2e.maven.runtime_3.9.400.20230826-0755/jars/plexus-cipher-2.0.jar
2023-11-16 23:52:23,880 [Worker-30: Launching mavenrun-0bad8c1b-fe36-4eed-a9e8-491b96c8a184] INFO  o.eclipse.m2e.core.internal.Bundles - 	Entry: /snap/eclipse/73/plugins/org.eclipse.m2e.maven.runtime_3.9.400.20230826-0755/jars/plexus-classworlds-2.7.0.jar
2023-11-16 23:52:23,880 [Worker-30: Launching mavenrun-0bad8c1b-fe36-4eed-a9e8-491b96c8a184] INFO  o.eclipse.m2e.core.internal.Bundles - 	Entry: /snap/eclipse/73/plugins/org.eclipse.m2e.maven.runtime_3.9.400.20230826-0755/jars/plexus-component-annotations-2.1.0.jar
2023-11-16 23:52:23,880 [Worker-30: Launching mavenrun-0bad8c1b-fe36-4eed-a9e8-491b96c8a184] INFO  o.eclipse.m2e.core.internal.Bundles - 	Entry: /snap/eclipse/73/plugins/org.eclipse.m2e.maven.runtime_3.9.400.20230826-0755/jars/plexus-interpolation-1.26.jar
2023-11-16 23:52:23,880 [Worker-30: Launching mavenrun-0bad8c1b-fe36-4eed-a9e8-491b96c8a184] INFO  o.eclipse.m2e.core.internal.Bundles - 	Entry: /snap/eclipse/73/plugins/org.eclipse.m2e.maven.runtime_3.9.400.20230826-0755/jars/plexus-sec-dispatcher-2.0.jar
2023-11-16 23:52:23,880 [Worker-30: Launching mavenrun-0bad8c1b-fe36-4eed-a9e8-491b96c8a184] INFO  o.eclipse.m2e.core.internal.Bundles - 	Entry: /snap/eclipse/73/plugins/org.eclipse.m2e.maven.runtime_3.9.400.20230826-0755/jars/plexus-utils-3.5.1.jar
2023-11-16 23:52:23,880 [Worker-30: Launching mavenrun-0bad8c1b-fe36-4eed-a9e8-491b96c8a184] INFO  o.eclipse.m2e.core.internal.Bundles - 	Entry: /snap/eclipse/73/plugins/org.eclipse.m2e.maven.runtime_3.9.400.20230826-0755/jars/wagon-file-3.5.3.jar
2023-11-16 23:52:23,880 [Worker-30: Launching mavenrun-0bad8c1b-fe36-4eed-a9e8-491b96c8a184] INFO  o.eclipse.m2e.core.internal.Bundles - 	Entry: /snap/eclipse/73/plugins/org.eclipse.m2e.maven.runtime_3.9.400.20230826-0755/jars/wagon-provider-api-3.5.3.jar
2023-11-16 23:52:23,881 [Worker-30: Launching mavenrun-0bad8c1b-fe36-4eed-a9e8-491b96c8a184] INFO  o.eclipse.m2e.core.internal.Bundles - getClasspathEntries(Bundle=com.google.guava_32.1.2.jre [10])
2023-11-16 23:52:23,881 [Worker-30: Launching mavenrun-0bad8c1b-fe36-4eed-a9e8-491b96c8a184] INFO  o.eclipse.m2e.core.internal.Bundles - 	Entry: /snap/eclipse/73/plugins/com.google.guava_32.1.2.jre.jar
2023-11-16 23:52:23,881 [Worker-30: Launching mavenrun-0bad8c1b-fe36-4eed-a9e8-491b96c8a184] INFO  o.eclipse.m2e.core.internal.Bundles - getClasspathEntries(Bundle=slf4j.api_2.0.7 [511])
2023-11-16 23:52:23,881 [Worker-30: Launching mavenrun-0bad8c1b-fe36-4eed-a9e8-491b96c8a184] INFO  o.eclipse.m2e.core.internal.Bundles - 	Entry: /snap/eclipse/73/plugins/slf4j.api_2.0.7.jar
2023-11-16 23:52:23,881 [Worker-30: Launching mavenrun-0bad8c1b-fe36-4eed-a9e8-491b96c8a184] INFO  o.eclipse.m2e.core.internal.Bundles - getClasspathEntries(Bundle=javax.inject_1.0.0.v20220405-0441 [26])
2023-11-16 23:52:23,881 [Worker-30: Launching mavenrun-0bad8c1b-fe36-4eed-a9e8-491b96c8a184] INFO  o.eclipse.m2e.core.internal.Bundles - 	Entry: /snap/eclipse/73/plugins/javax.inject_1.0.0.v20220405-0441.jar
2023-11-16 23:52:23,881 [Worker-30: Launching mavenrun-0bad8c1b-fe36-4eed-a9e8-491b96c8a184] INFO  o.eclipse.m2e.core.internal.Bundles - getClasspathEntries(Bundle=javax.annotation_1.3.5.v20200909-1856 [24])
2023-11-16 23:52:23,881 [Worker-30: Launching mavenrun-0bad8c1b-fe36-4eed-a9e8-491b96c8a184] INFO  o.eclipse.m2e.core.internal.Bundles - 	Entry: /snap/eclipse/73/plugins/javax.annotation_1.3.5.v20200909-1856.jar
2023-11-16 23:52:23,881 [Worker-30: Launching mavenrun-0bad8c1b-fe36-4eed-a9e8-491b96c8a184] INFO  o.eclipse.m2e.core.internal.Bundles - getClasspathEntries(Bundle=org.apache.commons.cli_1.5.0 [49])
2023-11-16 23:52:23,881 [Worker-30: Launching mavenrun-0bad8c1b-fe36-4eed-a9e8-491b96c8a184] INFO  o.eclipse.m2e.core.internal.Bundles - 	Entry: /snap/eclipse/73/plugins/org.apache.commons.cli_1.5.0.jar
2023-11-16 23:52:23,881 [Worker-30: Launching mavenrun-0bad8c1b-fe36-4eed-a9e8-491b96c8a184] INFO  o.eclipse.m2e.core.internal.Bundles - getClasspathEntries(Bundle=com.google.guava.failureaccess_1.0.1 [12])
2023-11-16 23:52:23,882 [Worker-30: Launching mavenrun-0bad8c1b-fe36-4eed-a9e8-491b96c8a184] INFO  o.eclipse.m2e.core.internal.Bundles - 	Entry: /snap/eclipse/73/plugins/com.google.guava.failureaccess_1.0.1.jar
2023-11-16 23:52:23,887 [Worker-30: Launching mavenrun-0bad8c1b-fe36-4eed-a9e8-491b96c8a184] INFO  o.e.m.i.launch.MavenLaunchDelegate - Run build in "/tmp/m2e-archetypeGenerator4962951778917822859":
2023-11-16 23:52:23,897 [Worker-30: Launching mavenrun-0bad8c1b-fe36-4eed-a9e8-491b96c8a184] INFO  o.e.m.i.launch.MavenLaunchDelegate -  mvn  -DarchetypeGroupId=org.apache.maven.archetypes -DarchetypeArtifactId=maven-archetype-quickstart -DarchetypeVersion=1.1 -DgroupId=com.springcore -DartifactId=springcore -Dversion=0.0.1-SNAPSHOT -Dpackage=com.springcore -DoutputDirectory=/home/ubuntu/eclipse-workspace -Dstyle.color=always -U archetype:generate
2023-11-17 00:06:32,304 [Worker-30: Launching mavenrun-b4b47de1-a723-420b-95b9-e047fede3d57] INFO  o.eclipse.m2e.core.internal.Bundles - getClasspathEntries(Bundle=org.eclipse.m2e.maven.runtime_3.9.400.20230826-0755 [292])
2023-11-17 00:06:32,304 [Worker-30: Launching mavenrun-b4b47de1-a723-420b-95b9-e047fede3d57] INFO  o.eclipse.m2e.core.internal.Bundles - 	Entry: /snap/eclipse/73/plugins/org.eclipse.m2e.maven.runtime_3.9.400.20230826-0755
2023-11-17 00:06:32,304 [Worker-30: Launching mavenrun-b4b47de1-a723-420b-95b9-e047fede3d57] INFO  o.eclipse.m2e.core.internal.Bundles - 	Entry: /snap/eclipse/73/plugins/org.eclipse.m2e.maven.runtime_3.9.400.20230826-0755/jars/aether-connector-okhttp-0.17.8.jar
2023-11-17 00:06:32,304 [Worker-30: Launching mavenrun-b4b47de1-a723-420b-95b9-e047fede3d57] INFO  o.eclipse.m2e.core.internal.Bundles - 	Entry: /snap/eclipse/73/plugins/org.eclipse.m2e.maven.runtime_3.9.400.20230826-0755/jars/aopalliance-1.0.jar
2023-11-17 00:06:32,304 [Worker-30: Launching mavenrun-b4b47de1-a723-420b-95b9-e047fede3d57] INFO  o.eclipse.m2e.core.internal.Bundles - 	Entry: /snap/eclipse/73/plugins/org.eclipse.m2e.maven.runtime_3.9.400.20230826-0755/jars/commons-lang3-3.12.0.jar
2023-11-17 00:06:32,304 [Worker-30: Launching mavenrun-b4b47de1-a723-420b-95b9-e047fede3d57] INFO  o.eclipse.m2e.core.internal.Bundles - 	Entry: /snap/eclipse/73/plugins/org.eclipse.m2e.maven.runtime_3.9.400.20230826-0755/jars/guice-5.1.0.jar
2023-11-17 00:06:32,304 [Worker-30: Launching mavenrun-b4b47de1-a723-420b-95b9-e047fede3d57] INFO  o.eclipse.m2e.core.internal.Bundles - 	Entry: /snap/eclipse/73/plugins/org.eclipse.m2e.maven.runtime_3.9.400.20230826-0755/jars/jansi-2.4.0.jar
2023-11-17 00:06:32,304 [Worker-30: Launching mavenrun-b4b47de1-a723-420b-95b9-e047fede3d57] INFO  o.eclipse.m2e.core.internal.Bundles - 	Entry: /snap/eclipse/73/plugins/org.eclipse.m2e.maven.runtime_3.9.400.20230826-0755/jars/maven-artifact-3.9.4.jar
2023-11-17 00:06:32,304 [Worker-30: Launching mavenrun-b4b47de1-a723-420b-95b9-e047fede3d57] INFO  o.eclipse.m2e.core.internal.Bundles - 	Entry: /snap/eclipse/73/plugins/org.eclipse.m2e.maven.runtime_3.9.400.20230826-0755/jars/maven-builder-support-3.9.4.jar
2023-11-17 00:06:32,304 [Worker-30: Launching mavenrun-b4b47de1-a723-420b-95b9-e047fede3d57] INFO  o.eclipse.m2e.core.internal.Bundles - 	Entry: /snap/eclipse/73/plugins/org.eclipse.m2e.maven.runtime_3.9.400.20230826-0755/jars/maven-compat-3.9.4.jar
2023-11-17 00:06:32,304 [Worker-30: Launching mavenrun-b4b47de1-a723-420b-95b9-e047fede3d57] INFO  o.eclipse.m2e.core.internal.Bundles - 	Entry: /snap/eclipse/73/plugins/org.eclipse.m2e.maven.runtime_3.9.400.20230826-0755/jars/maven-core-3.9.4.jar
2023-11-17 00:06:32,304 [Worker-30: Launching mavenrun-b4b47de1-a723-420b-95b9-e047fede3d57] INFO  o.eclipse.m2e.core.internal.Bundles - 	Entry: /snap/eclipse/73/plugins/org.eclipse.m2e.maven.runtime_3.9.400.20230826-0755/jars/maven-embedder-3.9.4.jar
2023-11-17 00:06:32,304 [Worker-30: Launching mavenrun-b4b47de1-a723-420b-95b9-e047fede3d57] INFO  o.eclipse.m2e.core.internal.Bundles - 	Entry: /snap/eclipse/73/plugins/org.eclipse.m2e.maven.runtime_3.9.400.20230826-0755/jars/maven-model-3.9.4.jar
2023-11-17 00:06:32,304 [Worker-30: Launching mavenrun-b4b47de1-a723-420b-95b9-e047fede3d57] INFO  o.eclipse.m2e.core.internal.Bundles - 	Entry: /snap/eclipse/73/plugins/org.eclipse.m2e.maven.runtime_3.9.400.20230826-0755/jars/maven-model-builder-3.9.4.jar
2023-11-17 00:06:32,304 [Worker-30: Launching mavenrun-b4b47de1-a723-420b-95b9-e047fede3d57] INFO  o.eclipse.m2e.core.internal.Bundles - 	Entry: /snap/eclipse/73/plugins/org.eclipse.m2e.maven.runtime_3.9.400.20230826-0755/jars/maven-plugin-api-3.9.4.jar
2023-11-17 00:06:32,304 [Worker-30: Launching mavenrun-b4b47de1-a723-420b-95b9-e047fede3d57] INFO  o.eclipse.m2e.core.internal.Bundles - 	Entry: /snap/eclipse/73/plugins/org.eclipse.m2e.maven.runtime_3.9.400.20230826-0755/jars/maven-repository-metadata-3.9.4.jar
2023-11-17 00:06:32,304 [Worker-30: Launching mavenrun-b4b47de1-a723-420b-95b9-e047fede3d57] INFO  o.eclipse.m2e.core.internal.Bundles - 	Entry: /snap/eclipse/73/plugins/org.eclipse.m2e.maven.runtime_3.9.400.20230826-0755/jars/maven-resolver-api-1.9.14.jar
2023-11-17 00:06:32,304 [Worker-30: Launching mavenrun-b4b47de1-a723-420b-95b9-e047fede3d57] INFO  o.eclipse.m2e.core.internal.Bundles - 	Entry: /snap/eclipse/73/plugins/org.eclipse.m2e.maven.runtime_3.9.400.20230826-0755/jars/maven-resolver-connector-basic-1.9.14.jar
2023-11-17 00:06:32,304 [Worker-30: Launching mavenrun-b4b47de1-a723-420b-95b9-e047fede3d57] INFO  o.eclipse.m2e.core.internal.Bundles - 	Entry: /snap/eclipse/73/plugins/org.eclipse.m2e.maven.runtime_3.9.400.20230826-0755/jars/maven-resolver-impl-1.9.14.jar
2023-11-17 00:06:32,304 [Worker-30: Launching mavenrun-b4b47de1-a723-420b-95b9-e047fede3d57] INFO  o.eclipse.m2e.core.internal.Bundles - 	Entry: /snap/eclipse/73/plugins/org.eclipse.m2e.maven.runtime_3.9.400.20230826-0755/jars/maven-resolver-named-locks-1.9.14.jar
2023-11-17 00:06:32,304 [Worker-30: Launching mavenrun-b4b47de1-a723-420b-95b9-e047fede3d57] INFO  o.eclipse.m2e.core.internal.Bundles - 	Entry: /snap/eclipse/73/plugins/org.eclipse.m2e.maven.runtime_3.9.400.20230826-0755/jars/maven-resolver-provider-3.9.4.jar
2023-11-17 00:06:32,304 [Worker-30: Launching mavenrun-b4b47de1-a723-420b-95b9-e047fede3d57] INFO  o.eclipse.m2e.core.internal.Bundles - 	Entry: /snap/eclipse/73/plugins/org.eclipse.m2e.maven.runtime_3.9.400.20230826-0755/jars/maven-resolver-spi-1.9.14.jar
2023-11-17 00:06:32,305 [Worker-30: Launching mavenrun-b4b47de1-a723-420b-95b9-e047fede3d57] INFO  o.eclipse.m2e.core.internal.Bundles - 	Entry: /snap/eclipse/73/plugins/org.eclipse.m2e.maven.runtime_3.9.400.20230826-0755/jars/maven-resolver-transport-wagon-1.9.14.jar
2023-11-17 00:06:32,305 [Worker-30: Launching mavenrun-b4b47de1-a723-420b-95b9-e047fede3d57] INFO  o.eclipse.m2e.core.internal.Bundles - 	Entry: /snap/eclipse/73/plugins/org.eclipse.m2e.maven.runtime_3.9.400.20230826-0755/jars/maven-resolver-util-1.9.14.jar
2023-11-17 00:06:32,305 [Worker-30: Launching mavenrun-b4b47de1-a723-420b-95b9-e047fede3d57] INFO  o.eclipse.m2e.core.internal.Bundles - 	Entry: /snap/eclipse/73/plugins/org.eclipse.m2e.maven.runtime_3.9.400.20230826-0755/jars/maven-settings-3.9.4.jar
2023-11-17 00:06:32,305 [Worker-30: Launching mavenrun-b4b47de1-a723-420b-95b9-e047fede3d57] INFO  o.eclipse.m2e.core.internal.Bundles - 	Entry: /snap/eclipse/73/plugins/org.eclipse.m2e.maven.runtime_3.9.400.20230826-0755/jars/maven-settings-builder-3.9.4.jar
2023-11-17 00:06:32,305 [Worker-30: Launching mavenrun-b4b47de1-a723-420b-95b9-e047fede3d57] INFO  o.eclipse.m2e.core.internal.Bundles - 	Entry: /snap/eclipse/73/plugins/org.eclipse.m2e.maven.runtime_3.9.400.20230826-0755/jars/maven-shared-utils-3.3.4.jar
2023-11-17 00:06:32,305 [Worker-30: Launching mavenrun-b4b47de1-a723-420b-95b9-e047fede3d57] INFO  o.eclipse.m2e.core.internal.Bundles - 	Entry: /snap/eclipse/73/plugins/org.eclipse.m2e.maven.runtime_3.9.400.20230826-0755/jars/okhttp-3.14.1.jar
2023-11-17 00:06:32,305 [Worker-30: Launching mavenrun-b4b47de1-a723-420b-95b9-e047fede3d57] INFO  o.eclipse.m2e.core.internal.Bundles - 	Entry: /snap/eclipse/73/plugins/org.eclipse.m2e.maven.runtime_3.9.400.20230826-0755/jars/okio-1.17.3.jar
2023-11-17 00:06:32,305 [Worker-30: Launching mavenrun-b4b47de1-a723-420b-95b9-e047fede3d57] INFO  o.eclipse.m2e.core.internal.Bundles - 	Entry: /snap/eclipse/73/plugins/org.eclipse.m2e.maven.runtime_3.9.400.20230826-0755/jars/org.eclipse.sisu.inject-0.3.5.jar
2023-11-17 00:06:32,305 [Worker-30: Launching mavenrun-b4b47de1-a723-420b-95b9-e047fede3d57] INFO  o.eclipse.m2e.core.internal.Bundles - 	Entry: /snap/eclipse/73/plugins/org.eclipse.m2e.maven.runtime_3.9.400.20230826-0755/jars/org.eclipse.sisu.plexus-0.3.5.jar
2023-11-17 00:06:32,305 [Worker-30: Launching mavenrun-b4b47de1-a723-420b-95b9-e047fede3d57] INFO  o.eclipse.m2e.core.internal.Bundles - 	Entry: /snap/eclipse/73/plugins/org.eclipse.m2e.maven.runtime_3.9.400.20230826-0755/jars/plexus-build-api-0.0.7.jar
2023-11-17 00:06:32,305 [Worker-30: Launching mavenrun-b4b47de1-a723-420b-95b9-e047fede3d57] INFO  o.eclipse.m2e.core.internal.Bundles - 	Entry: /snap/eclipse/73/plugins/org.eclipse.m2e.maven.runtime_3.9.400.20230826-0755/jars/plexus-cipher-2.0.jar
2023-11-17 00:06:32,305 [Worker-30: Launching mavenrun-b4b47de1-a723-420b-95b9-e047fede3d57] INFO  o.eclipse.m2e.core.internal.Bundles - 	Entry: /snap/eclipse/73/plugins/org.eclipse.m2e.maven.runtime_3.9.400.20230826-0755/jars/plexus-classworlds-2.7.0.jar
2023-11-17 00:06:32,305 [Worker-30: Launching mavenrun-b4b47de1-a723-420b-95b9-e047fede3d57] INFO  o.eclipse.m2e.core.internal.Bundles - 	Entry: /snap/eclipse/73/plugins/org.eclipse.m2e.maven.runtime_3.9.400.20230826-0755/jars/plexus-component-annotations-2.1.0.jar
2023-11-17 00:06:32,305 [Worker-30: Launching mavenrun-b4b47de1-a723-420b-95b9-e047fede3d57] INFO  o.eclipse.m2e.core.internal.Bundles - 	Entry: /snap/eclipse/73/plugins/org.eclipse.m2e.maven.runtime_3.9.400.20230826-0755/jars/plexus-interpolation-1.26.jar
2023-11-17 00:06:32,305 [Worker-30: Launching mavenrun-b4b47de1-a723-420b-95b9-e047fede3d57] INFO  o.eclipse.m2e.core.internal.Bundles - 	Entry: /snap/eclipse/73/plugins/org.eclipse.m2e.maven.runtime_3.9.400.20230826-0755/jars/plexus-sec-dispatcher-2.0.jar
2023-11-17 00:06:32,305 [Worker-30: Launching mavenrun-b4b47de1-a723-420b-95b9-e047fede3d57] INFO  o.eclipse.m2e.core.internal.Bundles - 	Entry: /snap/eclipse/73/plugins/org.eclipse.m2e.maven.runtime_3.9.400.20230826-0755/jars/plexus-utils-3.5.1.jar
2023-11-17 00:06:32,305 [Worker-30: Launching mavenrun-b4b47de1-a723-420b-95b9-e047fede3d57] INFO  o.eclipse.m2e.core.internal.Bundles - 	Entry: /snap/eclipse/73/plugins/org.eclipse.m2e.maven.runtime_3.9.400.20230826-0755/jars/wagon-file-3.5.3.jar
2023-11-17 00:06:32,305 [Worker-30: Launching mavenrun-b4b47de1-a723-420b-95b9-e047fede3d57] INFO  o.eclipse.m2e.core.internal.Bundles - 	Entry: /snap/eclipse/73/plugins/org.eclipse.m2e.maven.runtime_3.9.400.20230826-0755/jars/wagon-provider-api-3.5.3.jar
2023-11-17 00:06:32,305 [Worker-30: Launching mavenrun-b4b47de1-a723-420b-95b9-e047fede3d57] INFO  o.eclipse.m2e.core.internal.Bundles - getClasspathEntries(Bundle=com.google.guava_32.1.2.jre [10])
2023-11-17 00:06:32,305 [Worker-30: Launching mavenrun-b4b47de1-a723-420b-95b9-e047fede3d57] INFO  o.eclipse.m2e.core.internal.Bundles - 	Entry: /snap/eclipse/73/plugins/com.google.guava_32.1.2.jre.jar
2023-11-17 00:06:32,305 [Worker-30: Launching mavenrun-b4b47de1-a723-420b-95b9-e047fede3d57] INFO  o.eclipse.m2e.core.internal.Bundles - getClasspathEntries(Bundle=slf4j.api_2.0.7 [511])
2023-11-17 00:06:32,305 [Worker-30: Launching mavenrun-b4b47de1-a723-420b-95b9-e047fede3d57] INFO  o.eclipse.m2e.core.internal.Bundles - 	Entry: /snap/eclipse/73/plugins/slf4j.api_2.0.7.jar
2023-11-17 00:06:32,305 [Worker-30: Launching mavenrun-b4b47de1-a723-420b-95b9-e047fede3d57] INFO  o.eclipse.m2e.core.internal.Bundles - getClasspathEntries(Bundle=javax.inject_1.0.0.v20220405-0441 [26])
2023-11-17 00:06:32,305 [Worker-30: Launching mavenrun-b4b47de1-a723-420b-95b9-e047fede3d57] INFO  o.eclipse.m2e.core.internal.Bundles - 	Entry: /snap/eclipse/73/plugins/javax.inject_1.0.0.v20220405-0441.jar
2023-11-17 00:06:32,305 [Worker-30: Launching mavenrun-b4b47de1-a723-420b-95b9-e047fede3d57] INFO  o.eclipse.m2e.core.internal.Bundles - getClasspathEntries(Bundle=javax.annotation_1.3.5.v20200909-1856 [24])
2023-11-17 00:06:32,305 [Worker-30: Launching mavenrun-b4b47de1-a723-420b-95b9-e047fede3d57] INFO  o.eclipse.m2e.core.internal.Bundles - 	Entry: /snap/eclipse/73/plugins/javax.annotation_1.3.5.v20200909-1856.jar
2023-11-17 00:06:32,305 [Worker-30: Launching mavenrun-b4b47de1-a723-420b-95b9-e047fede3d57] INFO  o.eclipse.m2e.core.internal.Bundles - getClasspathEntries(Bundle=org.apache.commons.cli_1.5.0 [49])
2023-11-17 00:06:32,305 [Worker-30: Launching mavenrun-b4b47de1-a723-420b-95b9-e047fede3d57] INFO  o.eclipse.m2e.core.internal.Bundles - 	Entry: /snap/eclipse/73/plugins/org.apache.commons.cli_1.5.0.jar
2023-11-17 00:06:32,305 [Worker-30: Launching mavenrun-b4b47de1-a723-420b-95b9-e047fede3d57] INFO  o.eclipse.m2e.core.internal.Bundles - getClasspathEntries(Bundle=com.google.guava.failureaccess_1.0.1 [12])
2023-11-17 00:06:32,305 [Worker-30: Launching mavenrun-b4b47de1-a723-420b-95b9-e047fede3d57] INFO  o.eclipse.m2e.core.internal.Bundles - 	Entry: /snap/eclipse/73/plugins/com.google.guava.failureaccess_1.0.1.jar
2023-11-17 00:06:32,306 [Worker-30: Launching mavenrun-b4b47de1-a723-420b-95b9-e047fede3d57] INFO  o.e.m.i.launch.MavenLaunchDelegate - Run build in "/tmp/m2e-archetypeGenerator1492899403314230807":
2023-11-17 00:06:32,306 [Worker-30: Launching mavenrun-b4b47de1-a723-420b-95b9-e047fede3d57] INFO  o.e.m.i.launch.MavenLaunchDelegate -  mvn  -DarchetypeGroupId=org.apache.maven.archetypes -DarchetypeArtifactId=maven-archetype-quickstart -DarchetypeVersion=1.1 -DgroupId=com.springcore -DartifactId=springcore -Dversion=0.0.1-SNAPSHOT -Dpackage=com.springcore -DoutputDirectory=/home/ubuntu/eclipse-workspace -Dstyle.color=always -U archetype:generate
2023-11-17 00:06:46,678 [Worker-31: Creating maven-archetype-quickstart] INFO  o.e.m.c.i.p.ProjectConfigurationManager - Collecting project info '/pom.xml' /home/ubuntu/eclipse-workspace/springcore/pom.xml
2023-11-17 00:06:47,192 [Worker-31: Creating maven-archetype-quickstart] INFO  o.e.m.c.i.e.AbstractTransferListenerAdapter - Downloading https://repo.maven.apache.org/maven2/org/apache/maven/plugins/maven-resources-plugin/3.3.1/maven-resources-plugin-3.3.1.jar
2023-11-17 00:06:47,262 [Worker-31: Creating maven-archetype-quickstart] INFO  o.e.m.c.i.e.AbstractTransferListenerAdapter - Downloaded https://repo.maven.apache.org/maven2/org/apache/maven/plugins/maven-resources-plugin/3.3.1/maven-resources-plugin-3.3.1.jar
2023-11-17 00:06:47,528 [Worker-31: Creating maven-archetype-quickstart] INFO  o.e.m.c.i.e.AbstractTransferListenerAdapter - Downloading https://repo.maven.apache.org/maven2/org/apache/maven/plugins/maven-compiler-plugin/3.11.0/maven-compiler-plugin-3.11.0.jar
2023-11-17 00:06:47,633 [Worker-31: Creating maven-archetype-quickstart] INFO  o.e.m.c.i.e.AbstractTransferListenerAdapter - Downloaded https://repo.maven.apache.org/maven2/org/apache/maven/plugins/maven-compiler-plugin/3.11.0/maven-compiler-plugin-3.11.0.jar
2023-11-17 00:06:47,685 [Worker-31: Creating maven-archetype-quickstart] INFO  o.e.m.c.i.e.AbstractTransferListenerAdapter - Downloading https://repo.maven.apache.org/maven2/org/apache/maven/plugins/maven-surefire-plugin/3.1.2/maven-surefire-plugin-3.1.2.jar
2023-11-17 00:06:47,758 [Worker-31: Creating maven-archetype-quickstart] INFO  o.e.m.c.i.e.AbstractTransferListenerAdapter - Downloaded https://repo.maven.apache.org/maven2/org/apache/maven/plugins/maven-surefire-plugin/3.1.2/maven-surefire-plugin-3.1.2.jar
2023-11-17 00:06:47,826 [Worker-31: Creating maven-archetype-quickstart] INFO  o.e.m.c.i.e.AbstractTransferListenerAdapter - Downloading https://repo.maven.apache.org/maven2/org/apache/maven/plugins/maven-compiler-plugin/3.11.0/maven-compiler-plugin-3.11.0.pom
2023-11-17 00:06:47,884 [Worker-31: Creating maven-archetype-quickstart] INFO  o.e.m.c.i.e.AbstractTransferListenerAdapter - Downloaded https://repo.maven.apache.org/maven2/org/apache/maven/plugins/maven-compiler-plugin/3.11.0/maven-compiler-plugin-3.11.0.pom
2023-11-17 00:06:48,008 [Worker-31: Creating maven-archetype-quickstart] INFO  o.e.m.c.i.e.AbstractTransferListenerAdapter - Downloading https://repo.maven.apache.org/maven2/org/codehaus/plexus/plexus-compiler-api/2.13.0/plexus-compiler-api-2.13.0.pom
2023-11-17 00:06:48,061 [Worker-31: Creating maven-archetype-quickstart] INFO  o.e.m.c.i.e.AbstractTransferListenerAdapter - Downloaded https://repo.maven.apache.org/maven2/org/codehaus/plexus/plexus-compiler-api/2.13.0/plexus-compiler-api-2.13.0.pom
2023-11-17 00:06:48,117 [Worker-31: Creating maven-archetype-quickstart] INFO  o.e.m.c.i.e.AbstractTransferListenerAdapter - Downloading https://repo.maven.apache.org/maven2/org/codehaus/plexus/plexus-compiler/2.13.0/plexus-compiler-2.13.0.pom
2023-11-17 00:06:48,173 [Worker-31: Creating maven-archetype-quickstart] INFO  o.e.m.c.i.e.AbstractTransferListenerAdapter - Downloaded https://repo.maven.apache.org/maven2/org/codehaus/plexus/plexus-compiler/2.13.0/plexus-compiler-2.13.0.pom
2023-11-17 00:06:48,257 [Worker-31: Creating maven-archetype-quickstart] INFO  o.e.m.c.i.e.AbstractTransferListenerAdapter - Downloading https://repo.maven.apache.org/maven2/org/codehaus/plexus/plexus-components/10.0/plexus-components-10.0.pom
2023-11-17 00:06:48,307 [Worker-31: Creating maven-archetype-quickstart] INFO  o.e.m.c.i.e.AbstractTransferListenerAdapter - Downloaded https://repo.maven.apache.org/maven2/org/codehaus/plexus/plexus-components/10.0/plexus-components-10.0.pom
2023-11-17 00:06:48,364 [Worker-31: Creating maven-archetype-quickstart] INFO  o.e.m.c.i.e.AbstractTransferListenerAdapter - Downloading https://repo.maven.apache.org/maven2/org/junit/junit-bom/5.9.1/junit-bom-5.9.1.pom
2023-11-17 00:06:48,418 [Worker-31: Creating maven-archetype-quickstart] INFO  o.e.m.c.i.e.AbstractTransferListenerAdapter - Downloaded https://repo.maven.apache.org/maven2/org/junit/junit-bom/5.9.1/junit-bom-5.9.1.pom
2023-11-17 00:06:48,473 [Worker-31: Creating maven-archetype-quickstart] INFO  o.e.m.c.i.e.AbstractTransferListenerAdapter - Downloading https://repo.maven.apache.org/maven2/org/codehaus/plexus/plexus-compiler-manager/2.13.0/plexus-compiler-manager-2.13.0.pom
2023-11-17 00:06:48,533 [Worker-31: Creating maven-archetype-quickstart] INFO  o.e.m.c.i.e.AbstractTransferListenerAdapter - Downloaded https://repo.maven.apache.org/maven2/org/codehaus/plexus/plexus-compiler-manager/2.13.0/plexus-compiler-manager-2.13.0.pom
2023-11-17 00:06:48,607 [Worker-31: Creating maven-archetype-quickstart] INFO  o.e.m.c.i.e.AbstractTransferListenerAdapter - Downloading https://repo.maven.apache.org/maven2/org/codehaus/plexus/plexus-compiler-javac/2.13.0/plexus-compiler-javac-2.13.0.pom
2023-11-17 00:06:48,662 [Worker-31: Creating maven-archetype-quickstart] INFO  o.e.m.c.i.e.AbstractTransferListenerAdapter - Downloaded https://repo.maven.apache.org/maven2/org/codehaus/plexus/plexus-compiler-javac/2.13.0/plexus-compiler-javac-2.13.0.pom
2023-11-17 00:06:48,721 [Worker-31: Creating maven-archetype-quickstart] INFO  o.e.m.c.i.e.AbstractTransferListenerAdapter - Downloading https://repo.maven.apache.org/maven2/org/codehaus/plexus/plexus-compilers/2.13.0/plexus-compilers-2.13.0.pom
2023-11-17 00:06:48,969 [Worker-31: Creating maven-archetype-quickstart] INFO  o.e.m.c.i.e.AbstractTransferListenerAdapter - Downloaded https://repo.maven.apache.org/maven2/org/codehaus/plexus/plexus-compilers/2.13.0/plexus-compilers-2.13.0.pom
2023-11-17 00:06:49,072 [AetherRepositoryConnector-repo.maven.apache.org-0-0] INFO  o.e.m.c.i.e.AbstractTransferListenerAdapter - Downloading https://repo.maven.apache.org/maven2/org/codehaus/plexus/plexus-component-annotations/1.5.5/plexus-component-annotations-1.5.5.jar
2023-11-17 00:06:49,121 [AetherRepositoryConnector-repo.maven.apache.org-0-1] INFO  o.e.m.c.i.e.AbstractTransferListenerAdapter - Downloading https://repo.maven.apache.org/maven2/org/codehaus/plexus/plexus-compiler-api/2.13.0/plexus-compiler-api-2.13.0.jar
2023-11-17 00:06:49,136 [AetherRepositoryConnector-repo.maven.apache.org-0-3] INFO  o.e.m.c.i.e.AbstractTransferListenerAdapter - Downloading https://repo.maven.apache.org/maven2/org/codehaus/plexus/plexus-compiler-javac/2.13.0/plexus-compiler-javac-2.13.0.jar
2023-11-17 00:06:49,159 [AetherRepositoryConnector-repo.maven.apache.org-0-2] INFO  o.e.m.c.i.e.AbstractTransferListenerAdapter - Downloading https://repo.maven.apache.org/maven2/org/codehaus/plexus/plexus-compiler-manager/2.13.0/plexus-compiler-manager-2.13.0.jar
2023-11-17 00:06:49,159 [AetherRepositoryConnector-repo.maven.apache.org-0-0] INFO  o.e.m.c.i.e.AbstractTransferListenerAdapter - Downloaded https://repo.maven.apache.org/maven2/org/codehaus/plexus/plexus-component-annotations/1.5.5/plexus-component-annotations-1.5.5.jar
2023-11-17 00:06:49,207 [AetherRepositoryConnector-repo.maven.apache.org-0-1] INFO  o.e.m.c.i.e.AbstractTransferListenerAdapter - Downloaded https://repo.maven.apache.org/maven2/org/codehaus/plexus/plexus-compiler-api/2.13.0/plexus-compiler-api-2.13.0.jar
2023-11-17 00:06:49,216 [AetherRepositoryConnector-repo.maven.apache.org-0-2] INFO  o.e.m.c.i.e.AbstractTransferListenerAdapter - Downloaded https://repo.maven.apache.org/maven2/org/codehaus/plexus/plexus-compiler-manager/2.13.0/plexus-compiler-manager-2.13.0.jar
2023-11-17 00:06:49,216 [AetherRepositoryConnector-repo.maven.apache.org-0-3] INFO  o.e.m.c.i.e.AbstractTransferListenerAdapter - Downloaded https://repo.maven.apache.org/maven2/org/codehaus/plexus/plexus-compiler-javac/2.13.0/plexus-compiler-javac-2.13.0.jar
2023-11-17 00:06:49,348 [Worker-31: Creating maven-archetype-quickstart] INFO  o.e.m.c.i.l.LifecycleMappingFactory - Using org.eclipse.m2e.jdt.JarLifecycleMapping lifecycle mapping for MavenProject: com.springcore:springcore:0.0.1-SNAPSHOT @ /home/ubuntu/eclipse-workspace/springcore/pom.xml.
2023-11-17 00:06:49,407 [Worker-31: Creating maven-archetype-quickstart] INFO  o.e.m.c.i.e.AbstractTransferListenerAdapter - Downloading https://repo.maven.apache.org/maven2/org/apache/maven/plugins/maven-resources-plugin/3.3.1/maven-resources-plugin-3.3.1.pom
2023-11-17 00:06:49,457 [Worker-31: Creating maven-archetype-quickstart] INFO  o.e.m.c.i.e.AbstractTransferListenerAdapter - Downloaded https://repo.maven.apache.org/maven2/org/apache/maven/plugins/maven-resources-plugin/3.3.1/maven-resources-plugin-3.3.1.pom
2023-11-17 00:06:49,523 [Worker-31: Creating maven-archetype-quickstart] INFO  o.e.m.c.i.e.AbstractTransferListenerAdapter - Downloading https://repo.maven.apache.org/maven2/org/apache/maven/plugins/maven-surefire-plugin/3.1.2/maven-surefire-plugin-3.1.2.pom
2023-11-17 00:06:49,576 [Worker-31: Creating maven-archetype-quickstart] INFO  o.e.m.c.i.e.AbstractTransferListenerAdapter - Downloaded https://repo.maven.apache.org/maven2/org/apache/maven/plugins/maven-surefire-plugin/3.1.2/maven-surefire-plugin-3.1.2.pom
2023-11-17 00:06:49,632 [Worker-31: Creating maven-archetype-quickstart] INFO  o.e.m.c.i.e.AbstractTransferListenerAdapter - Downloading https://repo.maven.apache.org/maven2/org/apache/maven/surefire/surefire/3.1.2/surefire-3.1.2.pom
2023-11-17 00:06:49,691 [Worker-31: Creating maven-archetype-quickstart] INFO  o.e.m.c.i.e.AbstractTransferListenerAdapter - Downloaded https://repo.maven.apache.org/maven2/org/apache/maven/surefire/surefire/3.1.2/surefire-3.1.2.pom
2023-11-17 00:06:50,001 [Worker-31: Creating maven-archetype-quickstart] INFO  o.e.m.c.i.e.AbstractTransferListenerAdapter - Downloading https://repo.maven.apache.org/maven2/org/codehaus/plexus/plexus-utils/3.5.1/plexus-utils-3.5.1.pom
2023-11-17 00:06:50,056 [Worker-31: Creating maven-archetype-quickstart] INFO  o.e.m.c.i.e.AbstractTransferListenerAdapter - Downloaded https://repo.maven.apache.org/maven2/org/codehaus/plexus/plexus-utils/3.5.1/plexus-utils-3.5.1.pom
2023-11-17 00:06:50,113 [Worker-31: Creating maven-archetype-quickstart] INFO  o.e.m.c.i.e.AbstractTransferListenerAdapter - Downloading https://repo.maven.apache.org/maven2/org/apache/maven/shared/maven-filtering/3.3.1/maven-filtering-3.3.1.pom
2023-11-17 00:06:50,164 [Worker-31: Creating maven-archetype-quickstart] INFO  o.e.m.c.i.e.AbstractTransferListenerAdapter - Downloaded https://repo.maven.apache.org/maven2/org/apache/maven/shared/maven-filtering/3.3.1/maven-filtering-3.3.1.pom
2023-11-17 00:06:50,216 [Worker-31: Creating maven-archetype-quickstart] INFO  o.e.m.c.i.e.AbstractTransferListenerAdapter - Downloading https://repo.maven.apache.org/maven2/org/apache/maven/shared/maven-shared-components/39/maven-shared-components-39.pom
2023-11-17 00:06:50,280 [Worker-31: Creating maven-archetype-quickstart] INFO  o.e.m.c.i.e.AbstractTransferListenerAdapter - Downloaded https://repo.maven.apache.org/maven2/org/apache/maven/shared/maven-shared-components/39/maven-shared-components-39.pom
2023-11-17 00:06:50,349 [AetherRepositoryConnector-repo.maven.apache.org-1-0] INFO  o.e.m.c.i.e.AbstractTransferListenerAdapter - Downloading https://repo.maven.apache.org/maven2/org/codehaus/plexus/plexus-utils/3.5.1/plexus-utils-3.5.1.jar
2023-11-17 00:06:50,475 [AetherRepositoryConnector-repo.maven.apache.org-1-1] INFO  o.e.m.c.i.e.AbstractTransferListenerAdapter - Downloading https://repo.maven.apache.org/maven2/org/apache/maven/shared/maven-filtering/3.3.1/maven-filtering-3.3.1.jar
2023-11-17 00:06:50,528 [AetherRepositoryConnector-repo.maven.apache.org-1-0] INFO  o.e.m.c.i.e.AbstractTransferListenerAdapter - Downloaded https://repo.maven.apache.org/maven2/org/codehaus/plexus/plexus-utils/3.5.1/plexus-utils-3.5.1.jar
2023-11-17 00:06:50,533 [AetherRepositoryConnector-repo.maven.apache.org-1-1] INFO  o.e.m.c.i.e.AbstractTransferListenerAdapter - Downloaded https://repo.maven.apache.org/maven2/org/apache/maven/shared/maven-filtering/3.3.1/maven-filtering-3.3.1.jar
2023-11-17 00:06:50,582 [Worker-31: Creating maven-archetype-quickstart] INFO  o.e.m.j.i.AbstractJavaProjectConfigurator - Adding source folder /springcore/src/main/java
2023-11-17 00:06:50,583 [Worker-31: Creating maven-archetype-quickstart] INFO  o.e.m.j.i.AbstractJavaProjectConfigurator - Adding resource folder /springcore/src/main/resources
2023-11-17 00:06:50,584 [Worker-31: Creating maven-archetype-quickstart] INFO  o.e.m.j.i.AbstractJavaProjectConfigurator - Adding source folder /springcore/src/test/java
2023-11-17 00:06:50,585 [Worker-31: Creating maven-archetype-quickstart] INFO  o.e.m.j.i.AbstractJavaProjectConfigurator - Adding resource folder /springcore/src/test/resources
2023-11-17 00:06:50,736 [Worker-31: Creating maven-archetype-quickstart] INFO  o.e.m.c.i.p.ProjectConfigurationManager - Imported and configured 1 project(s) in 4 sec
2023-11-17 00:06:51,086 [Worker-18: Download sources and javadoc] INFO  o.e.m.c.i.e.AbstractTransferListenerAdapter - Downloading https://repo.maven.apache.org/maven2/junit/junit/3.8.1/junit-3.8.1-sources.jar
2023-11-17 00:06:51,188 [Worker-18: Download sources and javadoc] INFO  o.e.m.c.i.e.AbstractTransferListenerAdapter - Downloaded https://repo.maven.apache.org/maven2/junit/junit/3.8.1/junit-3.8.1-sources.jar
2023-11-17 00:06:51,188 [Worker-18: Download sources and javadoc] INFO  o.e.m.j.internal.DownloadSourcesJob - Downloaded sources for junit:junit:3.8.1
2023-11-17 00:06:52,418 [Worker-30: Building] INFO  o.a.m.s.f.DefaultMavenResourcesFiltering - skip non existing resourceDirectory /home/ubuntu/eclipse-workspace/springcore/src/main/resources
2023-11-17 00:06:52,425 [Worker-30: Building] INFO  o.a.m.s.f.DefaultMavenResourcesFiltering - skip non existing resourceDirectory /home/ubuntu/eclipse-workspace/springcore/src/test/resources
2023-11-17 00:10:46,246 [Worker-21: Building] INFO  o.e.m.c.i.l.LifecycleMappingFactory - Using org.eclipse.m2e.jdt.JarLifecycleMapping lifecycle mapping for MavenProject: com.springcore:springcore:0.0.1-SNAPSHOT @ /home/ubuntu/eclipse-workspace/springcore/pom.xml.
2023-11-17 00:10:46,482 [Worker-21: Building] INFO  o.e.m.c.i.e.AbstractTransferListenerAdapter - Downloading https://repo.maven.apache.org/maven2/org/springframework/spring-core/5.2.3.RELEASE/spring-core-5.2.3.RELEASE.pom
2023-11-17 00:10:46,751 [Worker-21: Building] INFO  o.e.m.c.i.e.AbstractTransferListenerAdapter - Downloaded https://repo.maven.apache.org/maven2/org/springframework/spring-core/5.2.3.RELEASE/spring-core-5.2.3.RELEASE.pom
2023-11-17 00:10:46,830 [Worker-21: Building] INFO  o.e.m.c.i.e.AbstractTransferListenerAdapter - Downloading https://repo.maven.apache.org/maven2/org/springframework/spring-jcl/5.2.3.RELEASE/spring-jcl-5.2.3.RELEASE.pom
2023-11-17 00:10:46,915 [Worker-21: Building] INFO  o.e.m.c.i.e.AbstractTransferListenerAdapter - Downloaded https://repo.maven.apache.org/maven2/org/springframework/spring-jcl/5.2.3.RELEASE/spring-jcl-5.2.3.RELEASE.pom
2023-11-17 00:10:46,996 [AetherRepositoryConnector-repo.maven.apache.org-2-1] INFO  o.e.m.c.i.e.AbstractTransferListenerAdapter - Downloading https://repo.maven.apache.org/maven2/org/springframework/spring-jcl/5.2.3.RELEASE/spring-jcl-5.2.3.RELEASE.jar
2023-11-17 00:10:47,030 [AetherRepositoryConnector-repo.maven.apache.org-2-0] INFO  o.e.m.c.i.e.AbstractTransferListenerAdapter - Downloading https://repo.maven.apache.org/maven2/org/springframework/spring-core/5.2.3.RELEASE/spring-core-5.2.3.RELEASE.jar
2023-11-17 00:10:47,287 [AetherRepositoryConnector-repo.maven.apache.org-2-1] INFO  o.e.m.c.i.e.AbstractTransferListenerAdapter - Downloaded https://repo.maven.apache.org/maven2/org/springframework/spring-jcl/5.2.3.RELEASE/spring-jcl-5.2.3.RELEASE.jar
2023-11-17 00:10:47,769 [AetherRepositoryConnector-repo.maven.apache.org-2-0] INFO  o.e.m.c.i.e.AbstractTransferListenerAdapter - Downloaded https://repo.maven.apache.org/maven2/org/springframework/spring-core/5.2.3.RELEASE/spring-core-5.2.3.RELEASE.jar
2023-11-17 00:10:47,848 [Worker-21: Building] INFO  o.a.m.s.f.DefaultMavenResourcesFiltering - skip non existing resourceDirectory /home/ubuntu/eclipse-workspace/springcore/src/main/resources
2023-11-17 00:10:47,851 [Worker-21: Building] INFO  o.a.m.s.f.DefaultMavenResourcesFiltering - skip non existing resourceDirectory /home/ubuntu/eclipse-workspace/springcore/src/test/resources
2023-11-17 00:10:49,140 [Worker-31: Download sources and javadoc] INFO  o.e.m.c.i.e.AbstractTransferListenerAdapter - Downloading https://repo.maven.apache.org/maven2/org/springframework/spring-core/5.2.3.RELEASE/spring-core-5.2.3.RELEASE-sources.jar
2023-11-17 00:10:49,844 [Worker-31: Download sources and javadoc] INFO  o.e.m.c.i.e.AbstractTransferListenerAdapter - Downloaded https://repo.maven.apache.org/maven2/org/springframework/spring-core/5.2.3.RELEASE/spring-core-5.2.3.RELEASE-sources.jar
2023-11-17 00:10:49,845 [Worker-31: Download sources and javadoc] INFO  o.e.m.j.internal.DownloadSourcesJob - Downloaded sources for org.springframework:spring-core:5.2.3.RELEASE
2023-11-17 00:10:50,114 [Worker-31: Download sources and javadoc] INFO  o.e.m.c.i.e.AbstractTransferListenerAdapter - Downloading https://repo.maven.apache.org/maven2/org/springframework/spring-jcl/5.2.3.RELEASE/spring-jcl-5.2.3.RELEASE-sources.jar
2023-11-17 00:10:50,292 [Worker-31: Download sources and javadoc] INFO  o.e.m.c.i.e.AbstractTransferListenerAdapter - Downloaded https://repo.maven.apache.org/maven2/org/springframework/spring-jcl/5.2.3.RELEASE/spring-jcl-5.2.3.RELEASE-sources.jar
2023-11-17 00:10:50,293 [Worker-31: Download sources and javadoc] INFO  o.e.m.j.internal.DownloadSourcesJob - Downloaded sources for org.springframework:spring-jcl:5.2.3.RELEASE
2023-11-17 00:11:00,486 [Worker-31: Building] INFO  o.e.m.c.i.l.LifecycleMappingFactory - Using org.eclipse.m2e.jdt.JarLifecycleMapping lifecycle mapping for MavenProject: com.springcore:springcore:0.0.1-SNAPSHOT @ /home/ubuntu/eclipse-workspace/springcore/pom.xml.
2023-11-17 00:11:00,669 [Worker-31: Building] INFO  o.a.m.s.f.DefaultMavenResourcesFiltering - skip non existing resourceDirectory /home/ubuntu/eclipse-workspace/springcore/src/main/resources
2023-11-17 00:11:00,672 [Worker-31: Building] INFO  o.a.m.s.f.DefaultMavenResourcesFiltering - skip non existing resourceDirectory /home/ubuntu/eclipse-workspace/springcore/src/test/resources
2023-11-17 00:12:44,797 [Worker-32: Building] INFO  o.e.m.c.i.l.LifecycleMappingFactory - Using org.eclipse.m2e.jdt.JarLifecycleMapping lifecycle mapping for MavenProject: com.springcore:springcore:0.0.1-SNAPSHOT @ /home/ubuntu/eclipse-workspace/springcore/pom.xml.
2023-11-17 00:12:45,031 [Worker-32: Building] INFO  o.e.m.c.i.e.AbstractTransferListenerAdapter - Downloading https://repo.maven.apache.org/maven2/org/springframework/spring-context/5.2.3.RELEASE/spring-context-5.2.3.RELEASE.pom
2023-11-17 00:12:45,135 [Worker-32: Building] INFO  o.e.m.c.i.e.AbstractTransferListenerAdapter - Downloaded https://repo.maven.apache.org/maven2/org/springframework/spring-context/5.2.3.RELEASE/spring-context-5.2.3.RELEASE.pom
2023-11-17 00:12:45,186 [Worker-32: Building] INFO  o.e.m.c.i.e.AbstractTransferListenerAdapter - Downloading https://repo.maven.apache.org/maven2/org/springframework/spring-aop/5.2.3.RELEASE/spring-aop-5.2.3.RELEASE.pom
2023-11-17 00:12:45,236 [Worker-32: Building] INFO  o.e.m.c.i.e.AbstractTransferListenerAdapter - Downloaded https://repo.maven.apache.org/maven2/org/springframework/spring-aop/5.2.3.RELEASE/spring-aop-5.2.3.RELEASE.pom
2023-11-17 00:12:45,287 [Worker-32: Building] INFO  o.e.m.c.i.e.AbstractTransferListenerAdapter - Downloading https://repo.maven.apache.org/maven2/org/springframework/spring-beans/5.2.3.RELEASE/spring-beans-5.2.3.RELEASE.pom
2023-11-17 00:12:45,338 [Worker-32: Building] INFO  o.e.m.c.i.e.AbstractTransferListenerAdapter - Downloaded https://repo.maven.apache.org/maven2/org/springframework/spring-beans/5.2.3.RELEASE/spring-beans-5.2.3.RELEASE.pom
2023-11-17 00:12:45,390 [Worker-32: Building] INFO  o.e.m.c.i.e.AbstractTransferListenerAdapter - Downloading https://repo.maven.apache.org/maven2/org/springframework/spring-expression/5.2.3.RELEASE/spring-expression-5.2.3.RELEASE.pom
2023-11-17 00:12:45,439 [Worker-32: Building] INFO  o.e.m.c.i.e.AbstractTransferListenerAdapter - Downloaded https://repo.maven.apache.org/maven2/org/springframework/spring-expression/5.2.3.RELEASE/spring-expression-5.2.3.RELEASE.pom
2023-11-17 00:12:45,497 [AetherRepositoryConnector-repo.maven.apache.org-3-0] INFO  o.e.m.c.i.e.AbstractTransferListenerAdapter - Downloading https://repo.maven.apache.org/maven2/org/springframework/spring-context/5.2.3.RELEASE/spring-context-5.2.3.RELEASE.jar
2023-11-17 00:12:45,590 [AetherRepositoryConnector-repo.maven.apache.org-3-1] INFO  o.e.m.c.i.e.AbstractTransferListenerAdapter - Downloading https://repo.maven.apache.org/maven2/org/springframework/spring-aop/5.2.3.RELEASE/spring-aop-5.2.3.RELEASE.jar
2023-11-17 00:12:45,590 [AetherRepositoryConnector-repo.maven.apache.org-3-2] INFO  o.e.m.c.i.e.AbstractTransferListenerAdapter - Downloading https://repo.maven.apache.org/maven2/org/springframework/spring-beans/5.2.3.RELEASE/spring-beans-5.2.3.RELEASE.jar
2023-11-17 00:12:45,590 [AetherRepositoryConnector-repo.maven.apache.org-3-3] INFO  o.e.m.c.i.e.AbstractTransferListenerAdapter - Downloading https://repo.maven.apache.org/maven2/org/springframework/spring-expression/5.2.3.RELEASE/spring-expression-5.2.3.RELEASE.jar
2023-11-17 00:12:46,259 [AetherRepositoryConnector-repo.maven.apache.org-3-2] INFO  o.e.m.c.i.e.AbstractTransferListenerAdapter - Downloaded https://repo.maven.apache.org/maven2/org/springframework/spring-beans/5.2.3.RELEASE/spring-beans-5.2.3.RELEASE.jar
2023-11-17 00:12:46,259 [AetherRepositoryConnector-repo.maven.apache.org-3-1] INFO  o.e.m.c.i.e.AbstractTransferListenerAdapter - Downloaded https://repo.maven.apache.org/maven2/org/springframework/spring-aop/5.2.3.RELEASE/spring-aop-5.2.3.RELEASE.jar
2023-11-17 00:12:46,259 [AetherRepositoryConnector-repo.maven.apache.org-3-3] INFO  o.e.m.c.i.e.AbstractTransferListenerAdapter - Downloaded https://repo.maven.apache.org/maven2/org/springframework/spring-expression/5.2.3.RELEASE/spring-expression-5.2.3.RELEASE.jar
2023-11-17 00:12:46,311 [AetherRepositoryConnector-repo.maven.apache.org-3-0] INFO  o.e.m.c.i.e.AbstractTransferListenerAdapter - Downloaded https://repo.maven.apache.org/maven2/org/springframework/spring-context/5.2.3.RELEASE/spring-context-5.2.3.RELEASE.jar
2023-11-17 00:12:46,358 [Worker-32: Building] INFO  o.a.m.s.f.DefaultMavenResourcesFiltering - skip non existing resourceDirectory /home/ubuntu/eclipse-workspace/springcore/src/main/resources
2023-11-17 00:12:46,361 [Worker-32: Building] INFO  o.a.m.s.f.DefaultMavenResourcesFiltering - skip non existing resourceDirectory /home/ubuntu/eclipse-workspace/springcore/src/test/resources
2023-11-17 00:12:47,504 [Worker-32: Download sources and javadoc] INFO  o.e.m.c.i.e.AbstractTransferListenerAdapter - Downloading https://repo.maven.apache.org/maven2/org/springframework/spring-context/5.2.3.RELEASE/spring-context-5.2.3.RELEASE-sources.jar
2023-11-17 00:12:47,817 [Worker-32: Download sources and javadoc] INFO  o.e.m.c.i.e.AbstractTransferListenerAdapter - Downloaded https://repo.maven.apache.org/maven2/org/springframework/spring-context/5.2.3.RELEASE/spring-context-5.2.3.RELEASE-sources.jar
2023-11-17 00:12:47,818 [Worker-32: Download sources and javadoc] INFO  o.e.m.j.internal.DownloadSourcesJob - Downloaded sources for org.springframework:spring-context:5.2.3.RELEASE
2023-11-17 00:12:48,091 [Worker-32: Download sources and javadoc] INFO  o.e.m.c.i.e.AbstractTransferListenerAdapter - Downloading https://repo.maven.apache.org/maven2/org/springframework/spring-aop/5.2.3.RELEASE/spring-aop-5.2.3.RELEASE-sources.jar
2023-11-17 00:12:48,295 [Worker-32: Download sources and javadoc] INFO  o.e.m.c.i.e.AbstractTransferListenerAdapter - Downloaded https://repo.maven.apache.org/maven2/org/springframework/spring-aop/5.2.3.RELEASE/spring-aop-5.2.3.RELEASE-sources.jar
2023-11-17 00:12:48,296 [Worker-32: Download sources and javadoc] INFO  o.e.m.j.internal.DownloadSourcesJob - Downloaded sources for org.springframework:spring-aop:5.2.3.RELEASE
2023-11-17 00:12:48,457 [Worker-32: Download sources and javadoc] INFO  o.e.m.c.i.e.AbstractTransferListenerAdapter - Downloading https://repo.maven.apache.org/maven2/org/springframework/spring-beans/5.2.3.RELEASE/spring-beans-5.2.3.RELEASE-sources.jar
2023-11-17 00:12:48,779 [Worker-32: Download sources and javadoc] INFO  o.e.m.c.i.e.AbstractTransferListenerAdapter - Downloaded https://repo.maven.apache.org/maven2/org/springframework/spring-beans/5.2.3.RELEASE/spring-beans-5.2.3.RELEASE-sources.jar
2023-11-17 00:12:48,780 [Worker-32: Download sources and javadoc] INFO  o.e.m.j.internal.DownloadSourcesJob - Downloaded sources for org.springframework:spring-beans:5.2.3.RELEASE
2023-11-17 00:12:48,951 [Worker-32: Download sources and javadoc] INFO  o.e.m.c.i.e.AbstractTransferListenerAdapter - Downloading https://repo.maven.apache.org/maven2/org/springframework/spring-expression/5.2.3.RELEASE/spring-expression-5.2.3.RELEASE-sources.jar
2023-11-17 00:12:49,109 [Worker-32: Download sources and javadoc] INFO  o.e.m.c.i.e.AbstractTransferListenerAdapter - Downloaded https://repo.maven.apache.org/maven2/org/springframework/spring-expression/5.2.3.RELEASE/spring-expression-5.2.3.RELEASE-sources.jar
2023-11-17 00:12:49,110 [Worker-32: Download sources and javadoc] INFO  o.e.m.j.internal.DownloadSourcesJob - Downloaded sources for org.springframework:spring-expression:5.2.3.RELEASE
2023-11-17 00:14:46,742 [Worker-31: Updating Maven Project] INFO  o.e.m.c.i.p.ProjectConfigurationManager - Update started
2023-11-17 00:14:46,814 [Worker-31: Updating Maven Project] INFO  o.e.m.c.i.l.LifecycleMappingFactory - Using org.eclipse.m2e.jdt.JarLifecycleMapping lifecycle mapping for MavenProject: com.springcore:springcore:0.0.1-SNAPSHOT @ /home/ubuntu/eclipse-workspace/springcore/pom.xml.
2023-11-17 00:14:46,940 [Worker-31: Updating Maven Project] INFO  o.e.m.j.i.AbstractJavaProjectConfigurator - Adding source folder /springcore/src/main/java
2023-11-17 00:14:46,940 [Worker-31: Updating Maven Project] INFO  o.e.m.j.i.AbstractJavaProjectConfigurator - Adding resource folder /springcore/src/main/resources
2023-11-17 00:14:46,941 [Worker-31: Updating Maven Project] INFO  o.e.m.j.i.AbstractJavaProjectConfigurator - Adding source folder /springcore/src/test/java
2023-11-17 00:14:46,941 [Worker-31: Updating Maven Project] INFO  o.e.m.j.i.AbstractJavaProjectConfigurator - Adding resource folder /springcore/src/test/resources
2023-11-17 00:14:46,993 [Worker-31: Updating Maven Project] INFO  o.e.m.c.i.p.ProjectConfigurationManager - Update completed for 1 poms: local refresh takes 0.00 sec, refresh facades takes 0.00 sec, update config takes 0.00 sec 
2023-11-17 00:14:47,139 [Worker-32: Building] INFO  o.a.m.s.f.DefaultMavenResourcesFiltering - skip non existing resourceDirectory /home/ubuntu/eclipse-workspace/springcore/src/main/resources
2023-11-17 00:14:47,142 [Worker-32: Building] INFO  o.a.m.s.f.DefaultMavenResourcesFiltering - skip non existing resourceDirectory /home/ubuntu/eclipse-workspace/springcore/src/test/resources
2023-11-17 00:20:17,721 [Worker-30: Building] INFO  o.a.m.s.f.DefaultMavenResourcesFiltering - skip non existing resourceDirectory /home/ubuntu/eclipse-workspace/springcore/src/main/resources
2023-11-17 00:20:17,723 [Worker-30: Building] INFO  o.a.m.s.f.DefaultMavenResourcesFiltering - skip non existing resourceDirectory /home/ubuntu/eclipse-workspace/springcore/src/test/resources
2023-11-17 00:35:04,967 [Worker-32: Building] INFO  o.a.m.s.f.DefaultMavenResourcesFiltering - skip non existing resourceDirectory /home/ubuntu/eclipse-workspace/springcore/src/main/resources
2023-11-17 00:35:04,969 [Worker-32: Building] INFO  o.a.m.s.f.DefaultMavenResourcesFiltering - skip non existing resourceDirectory /home/ubuntu/eclipse-workspace/springcore/src/test/resources
2023-11-17 00:48:12,008 [Worker-40: Building] INFO  o.a.m.s.f.DefaultMavenResourcesFiltering - skip non existing resourceDirectory /home/ubuntu/eclipse-workspace/springcore/src/main/resources
2023-11-17 00:48:12,010 [Worker-40: Building] INFO  o.a.m.s.f.DefaultMavenResourcesFiltering - skip non existing resourceDirectory /home/ubuntu/eclipse-workspace/springcore/src/test/resources
2023-11-17 00:49:55,663 [Worker-38: Building] INFO  o.a.m.s.f.DefaultMavenResourcesFiltering - skip non existing resourceDirectory /home/ubuntu/eclipse-workspace/springcore/src/main/resources
2023-11-17 00:49:55,665 [Worker-38: Building] INFO  o.a.m.s.f.DefaultMavenResourcesFiltering - skip non existing resourceDirectory /home/ubuntu/eclipse-workspace/springcore/src/test/resources
2023-11-17 01:00:10,244 [Worker-41: Building] INFO  o.a.m.s.f.DefaultMavenResourcesFiltering - skip non existing resourceDirectory /home/ubuntu/eclipse-workspace/springcore/src/main/resources
2023-11-17 01:00:10,246 [Worker-41: Building] INFO  o.a.m.s.f.DefaultMavenResourcesFiltering - skip non existing resourceDirectory /home/ubuntu/eclipse-workspace/springcore/src/test/resources
2023-11-17 01:15:24,646 [Worker-36: Building] INFO  o.a.m.s.f.DefaultMavenResourcesFiltering - skip non existing resourceDirectory /home/ubuntu/eclipse-workspace/springcore/src/main/resources
2023-11-17 01:15:24,647 [Worker-36: Building] INFO  o.a.m.s.f.DefaultMavenResourcesFiltering - skip non existing resourceDirectory /home/ubuntu/eclipse-workspace/springcore/src/test/resources
2023-11-17 01:58:52,428 [Worker-48: Building] INFO  o.a.m.s.f.DefaultMavenResourcesFiltering - skip non existing resourceDirectory /home/ubuntu/eclipse-workspace/springcore/src/main/resources
2023-11-17 01:58:52,429 [Worker-48: Building] INFO  o.a.m.s.f.DefaultMavenResourcesFiltering - skip non existing resourceDirectory /home/ubuntu/eclipse-workspace/springcore/src/test/resources
2023-11-17 02:04:32,109 [Worker-51: Building] INFO  o.a.m.s.f.DefaultMavenResourcesFiltering - skip non existing resourceDirectory /home/ubuntu/eclipse-workspace/springcore/src/main/resources
2023-11-17 02:04:32,110 [Worker-51: Building] INFO  o.a.m.s.f.DefaultMavenResourcesFiltering - skip non existing resourceDirectory /home/ubuntu/eclipse-workspace/springcore/src/test/resources
2023-11-17 02:04:56,080 [Worker-51: Building] INFO  o.a.m.s.f.DefaultMavenResourcesFiltering - skip non existing resourceDirectory /home/ubuntu/eclipse-workspace/springcore/src/main/resources
2023-11-17 02:04:56,081 [Worker-51: Building] INFO  o.a.m.s.f.DefaultMavenResourcesFiltering - skip non existing resourceDirectory /home/ubuntu/eclipse-workspace/springcore/src/test/resources
2023-11-17 02:05:09,374 [Worker-52: Building] INFO  o.a.m.s.f.DefaultMavenResourcesFiltering - skip non existing resourceDirectory /home/ubuntu/eclipse-workspace/springcore/src/main/resources
2023-11-17 02:05:09,375 [Worker-52: Building] INFO  o.a.m.s.f.DefaultMavenResourcesFiltering - skip non existing resourceDirectory /home/ubuntu/eclipse-workspace/springcore/src/test/resources
2023-11-17 02:06:09,426 [Worker-48: Building] INFO  o.a.m.s.f.DefaultMavenResourcesFiltering - skip non existing resourceDirectory /home/ubuntu/eclipse-workspace/springcore/src/main/resources
2023-11-17 02:06:09,427 [Worker-48: Building] INFO  o.a.m.s.f.DefaultMavenResourcesFiltering - skip non existing resourceDirectory /home/ubuntu/eclipse-workspace/springcore/src/test/resources
2023-11-17 02:13:27,466 [Worker-52: Building] INFO  o.a.m.s.f.DefaultMavenResourcesFiltering - skip non existing resourceDirectory /home/ubuntu/eclipse-workspace/springcore/src/main/resources
2023-11-17 02:13:27,467 [Worker-52: Building] INFO  o.a.m.s.f.DefaultMavenResourcesFiltering - skip non existing resourceDirectory /home/ubuntu/eclipse-workspace/springcore/src/test/resources
